[debug] [2020-12-16T21:01:26.132Z] ----------------------------------------------------------------------
[debug] [2020-12-16T21:01:26.134Z] Command:       /usr/local/bin/node /usr/local/bin/firebase init
[debug] [2020-12-16T21:01:26.135Z] CLI Version:   9.0.1
[debug] [2020-12-16T21:01:26.135Z] Platform:      darwin
[debug] [2020-12-16T21:01:26.135Z] Node Version:  v10.16.2
[debug] [2020-12-16T21:01:26.136Z] Time:          Wed Dec 16 2020 22:01:26 GMT+0100 (GMT+01:00)
[debug] [2020-12-16T21:01:26.136Z] ----------------------------------------------------------------------
[debug] [2020-12-16T21:01:26.137Z] 
[debug] [2020-12-16T21:01:26.145Z] > command requires scopes: ["email","openid","https://www.googleapis.com/auth/cloudplatformprojects.readonly","https://www.googleapis.com/auth/firebase","https://www.googleapis.com/auth/cloud-platform"]
[debug] [2020-12-16T21:01:26.145Z] > authorizing via signed-in user
[info] 
     ######## #### ########  ######## ########     ###     ######  ########
     ##        ##  ##     ## ##       ##     ##  ##   ##  ##       ##
     ######    ##  ########  ######   ########  #########  ######  ######
     ##        ##  ##    ##  ##       ##     ## ##     ##       ## ##
     ##       #### ##     ## ######## ########  ##     ##  ######  ########

You're about to initialize a Firebase project in this directory:

  /Users/e-glodevsolutionsltd/nodejsws/tinder/tinder-swm

[info] 
=== Project Setup
[info] 
[info] First, let's associate this project directory with a Firebase project.
[info] You can create multiple project aliases by running firebase use --add, 
[info] but for now we'll just set up a default project.
[info] 
[debug] [2020-12-16T21:01:37.781Z] > refreshing access token with scopes: ["email","https://www.googleapis.com/auth/cloud-platform","https://www.googleapis.com/auth/cloudplatformprojects.readonly","https://www.googleapis.com/auth/firebase","openid"]
[debug] [2020-12-16T21:01:37.781Z] >>> HTTP REQUEST POST https://www.googleapis.com/oauth2/v3/token  
 <request body omitted>
[debug] [2020-12-16T21:01:39.506Z] <<< HTTP RESPONSE 200 {"pragma":"no-cache","expires":"Mon, 01 Jan 1990 00:00:00 GMT","date":"Wed, 16 Dec 2020 21:04:36 GMT","cache-control":"no-cache, no-store, max-age=0, must-revalidate","content-type":"application/json; charset=utf-8","vary":"X-Origin, Referer, Origin,Accept-Encoding","server":"scaffolding on HTTPServer2","x-xss-protection":"0","x-frame-options":"SAMEORIGIN","x-content-type-options":"nosniff","alt-svc":"h3-29=\":443\"; ma=2592000,h3-T051=\":443\"; ma=2592000,h3-Q050=\":443\"; ma=2592000,h3-Q046=\":443\"; ma=2592000,h3-Q043=\":443\"; ma=2592000,quic=\":443\"; ma=2592000; v=\"46,43\"","accept-ranges":"none","transfer-encoding":"chunked"}
[debug] [2020-12-16T21:01:39.521Z] >>> HTTP REQUEST GET https://firebase.googleapis.com/v1beta1/projects?pageSize=100  
 
[debug] [2020-12-16T21:01:40.854Z] <<< HTTP RESPONSE 200 {"content-type":"application/json; charset=UTF-8","vary":"X-Origin, Referer, Origin,Accept-Encoding","date":"Wed, 16 Dec 2020 21:04:37 GMT","server":"ESF","cache-control":"private","x-xss-protection":"0","x-frame-options":"SAMEORIGIN","x-content-type-options":"nosniff","alt-svc":"h3-29=\":443\"; ma=2592000,h3-T051=\":443\"; ma=2592000,h3-Q050=\":443\"; ma=2592000,h3-Q046=\":443\"; ma=2592000,h3-Q043=\":443\"; ma=2592000,quic=\":443\"; ma=2592000; v=\"46,43\"","accept-ranges":"none","transfer-encoding":"chunked"}
[info] i  Using project tinder-swm (tinder-swm) 
[info] 
=== Hosting Setup
[info] 
[info] Your public directory is the folder (relative to your project directory) that
[info] will contain Hosting assets to be uploaded with firebase deploy. If you
[info] have a build process for your assets, use your build's output directory.
[info] 
[debug] [2020-12-16T21:03:21.158Z] >>> [apiv2][query] GET https://www.gstatic.com/firebasejs/releases.json [none]
[debug] [2020-12-16T21:03:21.998Z] <<< [apiv2][status] GET https://www.gstatic.com/firebasejs/releases.json 200
[debug] [2020-12-16T21:03:21.998Z] <<< [apiv2][body] GET https://www.gstatic.com/firebasejs/releases.json {"current":{"version":"8.2.0","browserURL":"https://www.gstatic.com/firebasejs/8.2.0/firebase.js","packageURL":"https://www.gstatic.com/firebasejs/8.2.0/firebase.tgz"},"live":{"version":"8.2","browserURL":"https://www.gstatic.com/firebasejs/live/8.2/firebase.js","packageURL":"https://www.gstatic.com/firebasejs/live/8.2/firebase.tgz"},"components":{"analytics":"https://www.gstatic.com/firebasejs/8.2.0/firebase-analytics.js","app":"https://www.gstatic.com/firebasejs/8.2.0/firebase-app.js","auth":"https://www.gstatic.com/firebasejs/8.2.0/firebase-auth.js","database":"https://www.gstatic.com/firebasejs/8.2.0/firebase-database.js","firestore":"https://www.gstatic.com/firebasejs/8.2.0/firebase-firestore.js","functions":"https://www.gstatic.com/firebasejs/8.2.0/firebase-functions.js","installations":"https://www.gstatic.com/firebasejs/8.2.0/firebase-installations.js","messaging":"https://www.gstatic.com/firebasejs/8.2.0/firebase-messaging.js","storage":"https://www.gstatic.com/firebasejs/8.2.0/firebase-storage.js","performance":"https://www.gstatic.com/firebasejs/8.2.0/firebase-performance.js","remote-config":"https://www.gstatic.com/firebasejs/8.2.0/firebase-remote-config.js","firestore.memory":"https://www.gstatic.com/firebasejs/8.2.0/firebase-firestore.memory.js"}}
[info] ✔  Wrote public/index.html 
[info] 
[info] i  Detected a .git folder at /Users/e-glodevsolutionsltd/nodejsws/tinder/tinder-swm 
[info] i  Authorizing with GitHub to upload your service account to a GitHub repository's secrets store. 
[info] 
[info] Visit this URL on this device to log in:
[info] https://github.com/login/oauth/authorize?client_id=89cf50f02ac6aaed3484&state=417208137&redirect_uri=http%3A%2F%2Flocalhost%3A9005&scope=read%3Auser%20repo%20public_repo
[info] 
[info] Waiting for authentication...
[debug] [2020-12-16T21:04:11.544Z] >>> HTTP REQUEST POST https://github.com/login/oauth/access_token  
 {"client_id":"89cf50f02ac6aaed3484","client_secret":"3330d14abc895d9a74d5f17cd7a00711fa2c5bf0","code":"b26b695eb8e2c5aeb3d7","redirect_uri":"http://localhost:9005","state":"417208137"}
[debug] [2020-12-16T21:04:12.546Z] <<< HTTP RESPONSE 200 {"date":"Wed, 16 Dec 2020 21:07:09 GMT","content-type":"application/json; charset=utf-8","transfer-encoding":"chunked","server":"GitHub.com","status":"200 OK","vary":"X-PJAX, Accept-Encoding, Accept, X-Requested-With, Accept-Encoding","etag":"W/\"0dbc6be31209cc54130e9db5070bc7e7\"","cache-control":"max-age=0, private, must-revalidate","strict-transport-security":"max-age=31536000; includeSubdomains; preload","x-frame-options":"deny","x-content-type-options":"nosniff","x-xss-protection":"1; mode=block","referrer-policy":"origin-when-cross-origin, strict-origin-when-cross-origin","expect-ct":"max-age=2592000, report-uri=\"https://api.github.com/_private/browser/errors\"","content-security-policy":"default-src 'none'; base-uri 'self'; block-all-mixed-content; connect-src 'self' uploads.github.com www.githubstatus.com collector.githubapp.com api.github.com github-cloud.s3.amazonaws.com github-production-repository-file-5c1aeb.s3.amazonaws.com github-production-upload-manifest-file-7fdce7.s3.amazonaws.com github-production-user-asset-6210df.s3.amazonaws.com cdn.optimizely.com logx.optimizely.com/v1/events wss://alive.github.com; font-src github.githubassets.com; form-action 'self' github.com gist.github.com; frame-ancestors 'none'; frame-src render.githubusercontent.com; img-src 'self' data: github.githubassets.com identicons.github.com collector.githubapp.com github-cloud.s3.amazonaws.com *.githubusercontent.com; manifest-src 'self'; media-src 'none'; script-src github.githubassets.com; style-src 'unsafe-inline' github.githubassets.com; worker-src github.com/socket-worker-5029ae85.js gist.github.com/socket-worker-5029ae85.js","x-github-request-id":"2232:10254:3D6381A:571B544:5FDA76FC"}
[debug] [2020-12-16T21:04:12.548Z] >>> [apiv2][query] GET https://api.github.com/user [none]
[debug] [2020-12-16T21:04:13.642Z] <<< [apiv2][status] GET https://api.github.com/user 200
[debug] [2020-12-16T21:04:13.642Z] <<< [apiv2][body] GET https://api.github.com/user {"login":"swmproopengit","id":37698308,"node_id":"MDQ6VXNlcjM3Njk4MzA4","avatar_url":"https://avatars2.githubusercontent.com/u/37698308?v=4","gravatar_id":"","url":"https://api.github.com/users/swmproopengit","html_url":"https://github.com/swmproopengit","followers_url":"https://api.github.com/users/swmproopengit/followers","following_url":"https://api.github.com/users/swmproopengit/following{/other_user}","gists_url":"https://api.github.com/users/swmproopengit/gists{/gist_id}","starred_url":"https://api.github.com/users/swmproopengit/starred{/owner}{/repo}","subscriptions_url":"https://api.github.com/users/swmproopengit/subscriptions","organizations_url":"https://api.github.com/users/swmproopengit/orgs","repos_url":"https://api.github.com/users/swmproopengit/repos","events_url":"https://api.github.com/users/swmproopengit/events{/privacy}","received_events_url":"https://api.github.com/users/swmproopengit/received_events","type":"User","site_admin":false,"name":null,"company":null,"blog":"","location":null,"email":null,"hireable":null,"bio":null,"twitter_username":null,"public_repos":13,"public_gists":0,"followers":0,"following":1,"created_at":"2018-03-23T12:19:42Z","updated_at":"2020-12-16T21:07:07Z","private_gists":0,"total_private_repos":77,"owned_private_repos":77,"disk_usage":2867226,"collaborators":4,"two_factor_authentication":false,"plan":{"name":"free","space":976562499,"collaborators":0,"private_repos":10000}}
[info] 
[info] ✔  Success! Logged into GitHub as swmproopengit 
[info] 
[debug] [2020-12-16T21:05:26.115Z] >>> [apiv2][query] GET https://api.github.com/repos/swmproopengit/tinder-react-firebase/actions/secrets/public-key type=owner
[debug] [2020-12-16T21:05:27.265Z] <<< [apiv2][status] GET https://api.github.com/repos/swmproopengit/tinder-react-firebase/actions/secrets/public-key 200
[debug] [2020-12-16T21:05:27.265Z] <<< [apiv2][body] GET https://api.github.com/repos/swmproopengit/tinder-react-firebase/actions/secrets/public-key {"key_id":"568250167242549743","key":"4gxFbtSA4wBRbK2wvqVdbuFDBgLvBPBAMhx3WPsGT0U="}
[debug] [2020-12-16T21:05:27.267Z] >>> [apiv2][query] GET https://api.github.com/repos/swmproopengit/tinder-react-firebase [none]
[debug] [2020-12-16T21:05:28.337Z] <<< [apiv2][status] GET https://api.github.com/repos/swmproopengit/tinder-react-firebase 200
[debug] [2020-12-16T21:05:28.338Z] <<< [apiv2][body] GET https://api.github.com/repos/swmproopengit/tinder-react-firebase {"id":322102316,"node_id":"MDEwOlJlcG9zaXRvcnkzMjIxMDIzMTY=","name":"tinder-react-firebase","full_name":"swmproopengit/tinder-react-firebase","private":false,"owner":{"login":"swmproopengit","id":37698308,"node_id":"MDQ6VXNlcjM3Njk4MzA4","avatar_url":"https://avatars2.githubusercontent.com/u/37698308?v=4","gravatar_id":"","url":"https://api.github.com/users/swmproopengit","html_url":"https://github.com/swmproopengit","followers_url":"https://api.github.com/users/swmproopengit/followers","following_url":"https://api.github.com/users/swmproopengit/following{/other_user}","gists_url":"https://api.github.com/users/swmproopengit/gists{/gist_id}","starred_url":"https://api.github.com/users/swmproopengit/starred{/owner}{/repo}","subscriptions_url":"https://api.github.com/users/swmproopengit/subscriptions","organizations_url":"https://api.github.com/users/swmproopengit/orgs","repos_url":"https://api.github.com/users/swmproopengit/repos","events_url":"https://api.github.com/users/swmproopengit/events{/privacy}","received_events_url":"https://api.github.com/users/swmproopengit/received_events","type":"User","site_admin":false},"html_url":"https://github.com/swmproopengit/tinder-react-firebase","description":null,"fork":false,"url":"https://api.github.com/repos/swmproopengit/tinder-react-firebase","forks_url":"https://api.github.com/repos/swmproopengit/tinder-react-firebase/forks","keys_url":"https://api.github.com/repos/swmproopengit/tinder-react-firebase/keys{/key_id}","collaborators_url":"https://api.github.com/repos/swmproopengit/tinder-react-firebase/collaborators{/collaborator}","teams_url":"https://api.github.com/repos/swmproopengit/tinder-react-firebase/teams","hooks_url":"https://api.github.com/repos/swmproopengit/tinder-react-firebase/hooks","issue_events_url":"https://api.github.com/repos/swmproopengit/tinder-react-firebase/issues/events{/number}","events_url":"https://api.github.com/repos/swmproopengit/tinder-react-firebase/events","assignees_url":"https://api.github.com/repos/swmproopengit/tinder-react-firebase/assignees{/user}","branches_url":"https://api.github.com/repos/swmproopengit/tinder-react-firebase/branches{/branch}","tags_url":"https://api.github.com/repos/swmproopengit/tinder-react-firebase/tags","blobs_url":"https://api.github.com/repos/swmproopengit/tinder-react-firebase/git/blobs{/sha}","git_tags_url":"https://api.github.com/repos/swmproopengit/tinder-react-firebase/git/tags{/sha}","git_refs_url":"https://api.github.com/repos/swmproopengit/tinder-react-firebase/git/refs{/sha}","trees_url":"https://api.github.com/repos/swmproopengit/tinder-react-firebase/git/trees{/sha}","statuses_url":"https://api.github.com/repos/swmproopengit/tinder-react-firebase/statuses/{sha}","languages_url":"https://api.github.com/repos/swmproopengit/tinder-react-firebase/languages","stargazers_url":"https://api.github.com/repos/swmproopengit/tinder-react-firebase/stargazers","contributors_url":"https://api.github.com/repos/swmproopengit/tinder-react-firebase/contributors","subscribers_url":"https://api.github.com/repos/swmproopengit/tinder-react-firebase/subscribers","subscription_url":"https://api.github.com/repos/swmproopengit/tinder-react-firebase/subscription","commits_url":"https://api.github.com/repos/swmproopengit/tinder-react-firebase/commits{/sha}","git_commits_url":"https://api.github.com/repos/swmproopengit/tinder-react-firebase/git/commits{/sha}","comments_url":"https://api.github.com/repos/swmproopengit/tinder-react-firebase/comments{/number}","issue_comment_url":"https://api.github.com/repos/swmproopengit/tinder-react-firebase/issues/comments{/number}","contents_url":"https://api.github.com/repos/swmproopengit/tinder-react-firebase/contents/{+path}","compare_url":"https://api.github.com/repos/swmproopengit/tinder-react-firebase/compare/{base}...{head}","merges_url":"https://api.github.com/repos/swmproopengit/tinder-react-firebase/merges","archive_url":"https://api.github.com/repos/swmproopengit/tinder-react-firebase/{archive_format}{/ref}","downloads_url":"https://api.github.com/repos/swmproopengit/tinder-react-firebase/downloads","issues_url":"https://api.github.com/repos/swmproopengit/tinder-react-firebase/issues{/number}","pulls_url":"https://api.github.com/repos/swmproopengit/tinder-react-firebase/pulls{/number}","milestones_url":"https://api.github.com/repos/swmproopengit/tinder-react-firebase/milestones{/number}","notifications_url":"https://api.github.com/repos/swmproopengit/tinder-react-firebase/notifications{?since,all,participating}","labels_url":"https://api.github.com/repos/swmproopengit/tinder-react-firebase/labels{/name}","releases_url":"https://api.github.com/repos/swmproopengit/tinder-react-firebase/releases{/id}","deployments_url":"https://api.github.com/repos/swmproopengit/tinder-react-firebase/deployments","created_at":"2020-12-16T21:08:09Z","updated_at":"2020-12-16T21:08:09Z","pushed_at":"2020-12-16T21:08:10Z","git_url":"git://github.com/swmproopengit/tinder-react-firebase.git","ssh_url":"git@github.com:swmproopengit/tinder-react-firebase.git","clone_url":"https://github.com/swmproopengit/tinder-react-firebase.git","svn_url":"https://github.com/swmproopengit/tinder-react-firebase","homepage":null,"size":0,"stargazers_count":0,"watchers_count":0,"language":null,"has_issues":true,"has_projects":true,"has_downloads":true,"has_wiki":true,"has_pages":false,"forks_count":0,"mirror_url":null,"archived":false,"disabled":false,"open_issues_count":0,"license":null,"forks":0,"open_issues":0,"watchers":0,"default_branch":"main","permissions":{"admin":true,"push":true,"pull":true},"temp_clone_token":"","allow_squash_merge":true,"allow_merge_commit":true,"allow_rebase_merge":true,"delete_branch_on_merge":false,"network_count":0,"subscribers_count":1}
[debug] [2020-12-16T21:05:28.342Z] >>> HTTP REQUEST POST https://iam.googleapis.com/v1/projects/tinder-swm/serviceAccounts  
 {"accountId":"github-action-322102316","serviceAccount":{"displayName":"GitHub Actions (swmproopengit/tinder-react-firebase)","description":"A service account with permission to deploy to Firebase Hosting for the GitHub repository swmproopengit/tinder-react-firebase"}}
[debug] [2020-12-16T21:05:30.539Z] <<< HTTP RESPONSE 200 {"content-type":"application/json; charset=UTF-8","vary":"X-Origin, Referer, Origin,Accept-Encoding","date":"Wed, 16 Dec 2020 21:08:27 GMT","server":"ESF","cache-control":"private","x-xss-protection":"0","x-frame-options":"SAMEORIGIN","x-content-type-options":"nosniff","alt-svc":"h3-29=\":443\"; ma=2592000,h3-T051=\":443\"; ma=2592000,h3-Q050=\":443\"; ma=2592000,h3-Q046=\":443\"; ma=2592000,h3-Q043=\":443\"; ma=2592000,quic=\":443\"; ma=2592000; v=\"46,43\"","accept-ranges":"none","transfer-encoding":"chunked"}
[debug] [2020-12-16T21:05:30.541Z] >>> HTTP REQUEST GET https://iam.googleapis.com/v1/projects/tinder-swm/serviceAccounts/github-action-322102316@tinder-swm.iam.gserviceaccount.com  
 
[debug] [2020-12-16T21:05:30.542Z] >>> HTTP REQUEST POST https://cloudresourcemanager.googleapis.com/v1/projects/tinder-swm:getIamPolicy  
 
[debug] [2020-12-16T21:05:31.903Z] <<< HTTP RESPONSE 200 {"content-type":"application/json; charset=UTF-8","vary":"X-Origin, Referer, Origin,Accept-Encoding","date":"Wed, 16 Dec 2020 21:08:28 GMT","server":"ESF","cache-control":"private","x-xss-protection":"0","x-frame-options":"SAMEORIGIN","x-content-type-options":"nosniff","alt-svc":"h3-29=\":443\"; ma=2592000,h3-T051=\":443\"; ma=2592000,h3-Q050=\":443\"; ma=2592000,h3-Q046=\":443\"; ma=2592000,h3-Q043=\":443\"; ma=2592000,quic=\":443\"; ma=2592000; v=\"46,43\"","accept-ranges":"none","transfer-encoding":"chunked"}
[debug] [2020-12-16T21:05:32.442Z] Error: getaddrinfo ENOTFOUND cloudresourcemanager.googleapis.com cloudresourcemanager.googleapis.com:443
    at GetAddrInfoReqWrap.onlookup [as oncomplete] (dns.js:56:26)
[error] 
[error] Error: Server Error. getaddrinfo ENOTFOUND cloudresourcemanager.googleapis.com cloudresourcemanager.googleapis.com:443
